<?xml version="1.0" encoding="UTF-8"?>
<testsuite name="com.jiyu.AtomicReference.AtomicReferenceDemo1" tests="1" skipped="0" failures="0" errors="0" timestamp="2021-11-26T05:07:31" hostname="xxzdeMacBook-Pro.local" time="0.022">
  <properties/>
  <testcase name="test3()" classname="com.jiyu.AtomicReference.AtomicReferenceDemo1" time="0.022"/>
  <system-out><![CDATA[T-0 当前值为： DebitCard {name="zhangSan",account=20} 1637903251092
T-6 当前值为： DebitCard {name="zhangSan",account=80} 1637903251092
T-9 当前值为： DebitCard {name="zhangSan",account=110} 1637903251092
T-8 当前值为： DebitCard {name="zhangSan",account=100} 1637903251092
T-7 当前值为： DebitCard {name="zhangSan",account=90} 1637903251092
T-2 当前值为： DebitCard {name="zhangSan",account=40} 1637903251092
T-1 当前值为： DebitCard {name="zhangSan",account=30} 1637903251092
T-4 当前值为： DebitCard {name="zhangSan",account=60} 1637903251092
T-5 当前值为： DebitCard {name="zhangSan",account=70} 1637903251092
T-3 当前值为： DebitCard {name="zhangSan",account=50} 1637903251092
]]></system-out>
  <system-err><![CDATA[]]></system-err>
</testsuite>
